<?xml version="1.0" encoding="UTF-8"?>
<testng-results ignored="0" total="2" passed="2" failed="0" skipped="0">
  <reporter-output>
  </reporter-output>
  <suite started-at="2024-02-28T10:40:39 IST" name="Suite" finished-at="2024-02-28T10:40:47 IST" duration-ms="8196">
    <groups>
    </groups>
    <test started-at="2024-02-28T10:40:39 IST" name="Test" finished-at="2024-02-28T10:40:47 IST" duration-ms="8196">
      <class name="Demo.Axis.ReadExcel">
        <test-method signature="fblogin()[pri:0, instance:Demo.Axis.ReadExcel@4f638935]" started-at="2024-02-28T10:40:39 IST" name="fblogin" finished-at="2024-02-28T10:40:43 IST" duration-ms="4551" status="PASS">
          <reporter-output>
          </reporter-output>
        </test-method> <!-- fblogin -->
      </class> <!-- Demo.Axis.ReadExcel -->
      <class name="Demo.Axis.WriteToExcel">
        <test-method signature="Login()[pri:0, instance:Demo.Axis.WriteToExcel@4b44655e]" started-at="2024-02-28T10:40:43 IST" name="Login" finished-at="2024-02-28T10:40:47 IST" duration-ms="3605" status="PASS">
          <reporter-output>
          </reporter-output>
        </test-method> <!-- Login -->
      </class> <!-- Demo.Axis.WriteToExcel -->
    </test> <!-- Test -->
  </suite> <!-- Suite -->
</testng-results>
