<?xml version="1.0" encoding="UTF-8"?>
<testng-results ignored="0" total="1" passed="1" failed="0" skipped="0">
  <reporter-output>
  </reporter-output>
  <suite started-at="2024-02-28T10:39:20 IST" name="Default suite" finished-at="2024-02-28T10:39:25 IST" duration-ms="4627">
    <groups>
    </groups>
    <test started-at="2024-02-28T10:39:20 IST" name="Default test" finished-at="2024-02-28T10:39:25 IST" duration-ms="4627">
      <class name="Demo.Axis.WriteToExcel">
        <test-method signature="Login()[pri:0, instance:Demo.Axis.WriteToExcel@36bc55de]" started-at="2024-02-28T10:39:20 IST" name="Login" finished-at="2024-02-28T10:39:25 IST" duration-ms="4580" status="PASS">
          <reporter-output>
          </reporter-output>
        </test-method> <!-- Login -->
      </class> <!-- Demo.Axis.WriteToExcel -->
    </test> <!-- Default test -->
  </suite> <!-- Default suite -->
</testng-results>
